TN:
SF:src/auth/AccountRotator.ts
FN:6,<instance_members_initializer>
FN:10,AccountRotator
FN:15,getCurrentAccount
FN:52,markCurrentExhausted
FN:67,saveToDisk
FN:94,getStoragePath
FNF:6
FNH:6
FNDA:2,<instance_members_initializer>
FNDA:2,AccountRotator
FNDA:2,getCurrentAccount
FNDA:2,markCurrentExhausted
FNDA:2,saveToDisk
FNDA:2,getStoragePath
DA:1,1
DA:2,1
DA:3,1
DA:4,1
DA:5,1
DA:6,2
DA:7,2
DA:8,2
DA:9,2
DA:10,2
DA:11,2
DA:12,2
DA:13,2
DA:14,2
DA:15,2
DA:16,2
DA:17,0
DA:18,0
DA:19,2
DA:20,2
DA:21,2
DA:22,2
DA:23,2
DA:24,2
DA:25,2
DA:26,2
DA:27,2
DA:28,2
DA:29,2
DA:30,2
DA:31,2
DA:32,0
DA:33,0
DA:34,0
DA:35,0
DA:36,0
DA:37,0
DA:38,0
DA:39,0
DA:40,0
DA:41,0
DA:42,0
DA:43,0
DA:44,0
DA:45,0
DA:46,0
DA:47,0
DA:48,0
DA:49,0
DA:50,0
DA:51,2
DA:52,2
DA:53,2
DA:54,0
DA:55,0
DA:56,2
DA:57,2
DA:58,2
DA:59,2
DA:60,2
DA:61,2
DA:62,2
DA:63,2
DA:64,2
DA:65,2
DA:66,2
DA:67,2
DA:68,2
DA:69,2
DA:70,2
DA:71,2
DA:72,2
DA:73,0
DA:74,0
DA:75,0
DA:76,0
DA:77,0
DA:78,0
DA:79,0
DA:80,2
DA:81,2
DA:82,2
DA:83,2
DA:84,2
DA:85,2
DA:86,2
DA:87,2
DA:88,2
DA:89,2
DA:90,0
DA:91,0
DA:92,2
DA:93,2
DA:94,2
DA:95,2
DA:96,2
DA:97,0
DA:98,0
DA:99,2
DA:100,2
DA:101,2
DA:102,2
DA:103,2
LF:103
LH:69
BRDA:6,0,0,2
BRDA:10,1,0,2
BRDA:15,2,0,2
BRDA:16,3,0,0
BRDA:27,4,0,0
BRDA:32,5,0,0
BRDA:52,6,0,2
BRDA:53,7,0,0
BRDA:67,8,0,2
BRDA:72,9,0,0
BRDA:89,10,0,0
BRDA:94,11,0,2
BRDA:96,12,0,0
BRF:13
BRH:6
end_of_record
